<?xml version="1.0" encoding="UTF-8"?>
<!-- Generated by org.testng.reporters.JUnitReportReporter -->
<testsuite skipped="0" hostname="INL-CHVWR72" name="TestJen.TestJen.LoginApp" tests="1" failures="0" timestamp="12 Nov 2018 09:07:53 GMT" time="9.930" errors="0">
  <testcase name="page" time="9.930" classname="TestJen.TestJen.LoginApp"/>
</testsuite> <!-- TestJen.TestJen.LoginApp -->
