<?xml version="1.0" encoding="UTF-8"?>
<!-- Generated by org.testng.reporters.JUnitReportReporter -->
<testsuite skipped="0" hostname="INL-CHVWR72" name="LocalApplication.Tstng" tests="1" failures="0" timestamp="07 Nov 2018 05:02:17 GMT" time="0.012" errors="0">
  <testcase name="stng" time="0.012" classname="LocalApplication.Tstng"/>
</testsuite> <!-- LocalApplication.Tstng -->
