<?xml version="1.0" encoding="UTF-8"?>
<!-- Generated by org.testng.reporters.JUnitReportReporter -->
<testsuite skipped="0" hostname="INL-CHVWR72" name="Loginpage.LoginPage" tests="1" failures="0" timestamp="12 Nov 2018 09:06:32 GMT" time="12.891" errors="0">
  <testcase name="page" time="12.891" classname="Loginpage.LoginPage"/>
</testsuite> <!-- Loginpage.LoginPage -->
